2022-12-29 19:44:24.803 [DEBU] {3885a2a8f640351712903c261073f4da} [ 29 ms] [default] [gf_db_demo] [rows:5  ] SELECT `title`,`content`,`created_at`,`updated_at`,`deleted_at` FROM `todo` WHERE `deleted_at` IS NULL ORDER BY `id` ASC
2022-12-29 19:46:31.425 [DEBU] {20afc9241441351714903c26563a9cba} [ 15 ms] [default] [gf_db_demo] [rows:5  ] SELECT `title`,`content`,`created_at`,`updated_at`,`deleted_at` FROM `todo` WHERE `deleted_at` IS NULL ORDER BY `id` ASC
2022-12-29 19:46:44.371 [DEBU] {00b276281741351715903c26d1b529e5} [ 13 ms] [default] [gf_db_demo] [rows:5  ] SELECT `title`,`content`,`created_at`,`updated_at`,`deleted_at` FROM `todo` WHERE `deleted_at` IS NULL ORDER BY `id` ASC
2022-12-29 19:48:32.290 [DEBU] {501ba748304135171a3bcc18eb4332be} [ 17 ms] [default] [gf_db_demo] [rows:6  ] SHOW FULL COLUMNS FROM `todo`
2022-12-29 19:48:32.301 [DEBU] {501ba748304135171a3bcc18eb4332be} [ 11 ms] [default] [gf_db_demo] [rows:5  ] SELECT `id`,`title`,`content`,`created_at`,`updated_at`,`deleted_at` FROM `todo` WHERE `deleted_at` IS NULL ORDER BY `id` ASC
2022-12-29 19:48:36.109 [DEBU] {50d8cd2c314135171b3bcc18dfc0a03e} [ 10 ms] [default] [gf_db_demo] [rows:5  ] SELECT `id`,`title`,`content`,`created_at`,`updated_at`,`deleted_at` FROM `todo` WHERE `deleted_at` IS NULL ORDER BY `id` ASC
2022-12-29 19:49:05.018 [DEBU] {88526ee7374135171c3bcc1876920627} [ 18 ms] [default] [gf_db_demo] [rows:5  ] SELECT `id`,`title`,`content`,`created_at`,`updated_at`,`deleted_at` FROM `todo` WHERE `deleted_at` IS NULL ORDER BY `id` ASC
2022-12-29 19:49:28.614 [DEBU] {60d2fb653d4135171d3bcc181705a9c8} [ 16 ms] [default] [gf_db_demo] [rows:5  ] SELECT `id`,`title`,`content`,`created_at`,`updated_at`,`deleted_at` FROM `todo` WHERE `deleted_at` IS NULL ORDER BY `id` ASC
2022-12-29 19:50:29.875 [DEBU] {907667a94b4135171e3bcc18b895d7e5} [ 17 ms] [default] [gf_db_demo] [rows:5  ] SELECT `id`,`title`,`content`,`created_at`,`updated_at`,`deleted_at` FROM `todo` WHERE `deleted_at` IS NULL ORDER BY `id` ASC
2022-12-29 19:50:45.384 [DEBU] {586317464f4135171f3bcc1896a25085} [ 12 ms] [default] [gf_db_demo] [rows:5  ] SELECT `id`,`title`,`content`,`created_at`,`updated_at`,`deleted_at` FROM `todo` WHERE `deleted_at` IS NULL ORDER BY `id` ASC
2022-12-29 19:51:11.695 [DEBU] {10a05c6555413517203bcc18728dc896} [ 29 ms] [default] [gf_db_demo] [rows:5  ] SELECT `id`,`title`,`content`,`created_at`,`updated_at`,`deleted_at` FROM `todo` WHERE `deleted_at` IS NULL ORDER BY `id` ASC
2022-12-29 19:51:17.529 [DEBU] {0017c1c056413517223bcc18021d0b7d} [ 34 ms] [default] [gf_db_demo] [rows:1  ] DELETE FROM `todo` WHERE `id`=1
2022-12-29 19:51:24.176 [DEBU] {80ccbb4d58413517233bcc18bfcbca0b} [ 21 ms] [default] [gf_db_demo] [rows:4  ] SELECT `id`,`title`,`content`,`created_at`,`updated_at`,`deleted_at` FROM `todo` WHERE `deleted_at` IS NULL ORDER BY `id` ASC
2022-12-29 19:51:36.934 [DEBU] {3072a6465b413517243bcc183555b71e} [ 13 ms] [default] [gf_db_demo] [rows:4  ] SELECT `id`,`title`,`content`,`created_at`,`updated_at`,`deleted_at` FROM `todo` WHERE `deleted_at` IS NULL ORDER BY `id` ASC
2022-12-29 19:51:39.412 [DEBU] {28d47bda5b413517263bcc18784c3bf2} [ 11 ms] [default] [gf_db_demo] [rows:1  ] DELETE FROM `todo` WHERE `id`=2
2022-12-29 19:51:41.443 [DEBU] {68a529525c413517273bcc1835c24bf4} [ 34 ms] [default] [gf_db_demo] [rows:3  ] SELECT `id`,`title`,`content`,`created_at`,`updated_at`,`deleted_at` FROM `todo` WHERE `deleted_at` IS NULL ORDER BY `id` ASC
2022-12-29 19:51:46.875 [DEBU] {a83220975d413517293bcc180831992b} [ 14 ms] [default] [gf_db_demo] [rows:1  ] DELETE FROM `todo` WHERE `id`=3
2022-12-29 19:51:53.767 [DEBU] {e8368b315f4135172a3bcc180cb3890c} [ 20 ms] [default] [gf_db_demo] [rows:2  ] SELECT `id`,`title`,`content`,`created_at`,`updated_at`,`deleted_at` FROM `todo` WHERE `deleted_at` IS NULL ORDER BY `id` ASC
2022-12-29 19:52:45.030 [DEBU] {10ecf3206b4135172c3bcc180d0241d1} [ 22 ms] [default] [gf_db_demo] [rows:1  ] DELETE FROM `todo` WHERE `id`=4
2022-12-29 19:52:50.762 [DEBU] {109aa3766c4135172d3bcc18596b2a4a} [ 21 ms] [default] [gf_db_demo] [rows:1  ] SELECT `id`,`title`,`content`,`created_at`,`updated_at`,`deleted_at` FROM `todo` WHERE `deleted_at` IS NULL ORDER BY `id` ASC
2022-12-29 19:53:26.814 [DEBU] {382ffbdb744135172e3bcc189d9dfd02} [ 13 ms] [default] [gf_db_demo] [rows:2  ] SELECT `id`,`title`,`content`,`created_at`,`updated_at`,`deleted_at` FROM `todo` WHERE `deleted_at` IS NULL ORDER BY `id` ASC
2022-12-29 19:53:49.664 [DEBU] {18a9fe2d7a4135172f3bcc18f33fdb42} [ 13 ms] [default] [gf_db_demo] [rows:4  ] SELECT `id`,`title`,`content`,`created_at`,`updated_at`,`deleted_at` FROM `todo` WHERE `deleted_at` IS NULL ORDER BY `id` ASC
2022-12-29 19:53:53.851 [DEBU] {188334277b413517313bcc18e20d4005} [ 19 ms] [default] [gf_db_demo] [rows:1  ] DELETE FROM `todo` WHERE `id`=5
2022-12-29 19:53:55.473 [DEBU] {708839887b413517323bcc18dd4cd5d5} [ 13 ms] [default] [gf_db_demo] [rows:3  ] SELECT `id`,`title`,`content`,`created_at`,`updated_at`,`deleted_at` FROM `todo` WHERE `deleted_at` IS NULL ORDER BY `id` ASC
2022-12-29 19:53:56.858 [DEBU] {4060c6da7b413517343bcc18d67805d4} [ 13 ms] [default] [gf_db_demo] [rows:1  ] DELETE FROM `todo` WHERE `id`=8
2022-12-29 19:53:58.287 [DEBU] {909612307c413517353bcc18b0374c79} [ 11 ms] [default] [gf_db_demo] [rows:2  ] SELECT `id`,`title`,`content`,`created_at`,`updated_at`,`deleted_at` FROM `todo` WHERE `deleted_at` IS NULL ORDER BY `id` ASC
2022-12-29 19:55:17.027 [DEBU] {f0b9aa848e413517363bcc18b081dbcf} [ 22 ms] [default] [gf_db_demo] [rows:2  ] SELECT `id`,`title`,`content`,`created_at`,`updated_at`,`deleted_at` FROM `todo` WHERE `deleted_at` IS NULL ORDER BY `id` ASC
2022-12-29 19:55:21.033 [DEBU] {58bd35748f413517373bcc1845977dac} [  9 ms] [default] [gf_db_demo] [rows:2  ] SELECT `id`,`title`,`content`,`created_at`,`updated_at`,`deleted_at` FROM `todo` WHERE `deleted_at` IS NULL ORDER BY `id` ASC
2022-12-29 19:55:41.418 [DEBU] {e860da3294413517383bcc183f2dff7f} [ 16 ms] [default] [gf_db_demo] [rows:2  ] SELECT `id`,`title`,`content`,`created_at`,`updated_at`,`deleted_at` FROM `todo` WHERE `deleted_at` IS NULL ORDER BY `id` ASC
2022-12-29 19:55:43.991 [DEBU] {20ed9ecc94413517393bcc184ff9ebd9} [  9 ms] [default] [gf_db_demo] [rows:2  ] SELECT `id`,`title`,`content`,`created_at`,`updated_at`,`deleted_at` FROM `todo` WHERE `deleted_at` IS NULL ORDER BY `id` ASC
2022-12-29 19:56:10.780 [DEBU] {58e4c8089b4135173a3bcc1848c738a7} [ 19 ms] [default] [gf_db_demo] [rows:2  ] SELECT `id`,`title`,`content`,`created_at`,`updated_at`,`deleted_at` FROM `todo` WHERE `deleted_at` IS NULL ORDER BY `id` ASC
2022-12-29 19:56:15.721 [DEBU] {e0e53a2f9c4135173b3bcc18728c4915} [ 20 ms] [default] [gf_db_demo] [rows:2  ] SELECT `id`,`title`,`content`,`created_at`,`updated_at`,`deleted_at` FROM `todo` WHERE `deleted_at` IS NULL ORDER BY `id` ASC
2022-12-29 19:57:04.628 [DEBU] {907c3b91a74135173c3bcc1845c2eff4} [ 38 ms] [default] [gf_db_demo] [rows:2  ] SELECT `id`,`title`,`content`,`created_at`,`updated_at`,`deleted_at` FROM `todo` WHERE `deleted_at` IS NULL ORDER BY `id` ASC
2022-12-29 19:57:06.114 [DEBU] {c8678beba74135173d3bcc18ef9720d5} [  9 ms] [default] [gf_db_demo] [rows:2  ] SELECT `id`,`title`,`content`,`created_at`,`updated_at`,`deleted_at` FROM `todo` WHERE `deleted_at` IS NULL ORDER BY `id` ASC
2022-12-29 19:57:47.855 [DEBU] {18e876a3b14135173e3bcc18a88e7ba2} [ 10 ms] [default] [gf_db_demo] [rows:2  ] SELECT `id`,`title`,`content`,`created_at`,`updated_at`,`deleted_at` FROM `todo` WHERE `deleted_at` IS NULL ORDER BY `id` ASC
2022-12-29 19:58:56.234 [DEBU] {d0c6ee8ec14135173f3bcc187ccf700e} [ 14 ms] [default] [gf_db_demo] [rows:2  ] SELECT `id`,`title`,`content`,`created_at`,`updated_at`,`deleted_at` FROM `todo` WHERE `deleted_at` IS NULL ORDER BY `id` ASC
2022-12-29 19:59:41.964 [DEBU] {9027cf32cc413517403bcc18a5d86480} [ 45 ms] [default] [gf_db_demo] [rows:2  ] SELECT `id`,`title`,`content`,`created_at`,`updated_at`,`deleted_at` FROM `todo` WHERE `deleted_at` IS NULL ORDER BY `id` ASC
2022-12-29 19:59:48.109 [DEBU] {d817d0a2cd413517413bcc18e953a487} [ 16 ms] [default] [gf_db_demo] [rows:2  ] SELECT `id`,`title`,`content`,`created_at`,`updated_at`,`deleted_at` FROM `todo` WHERE `deleted_at` IS NULL ORDER BY `id` ASC
2022-12-29 20:00:16.679 [DEBU] {c011c849d4413517443bcc18ee783a04} [ 14 ms] [default] [gf_db_demo] [rows:2  ] SELECT `id`,`title`,`content`,`created_at`,`updated_at`,`deleted_at` FROM `todo` WHERE `deleted_at` IS NULL ORDER BY `id` ASC
2022-12-29 20:00:22.545 [DEBU] {f0d3e9a7d5413517463bcc1897836092} [  6 ms] [default] [gf_db_demo] [rows:2  ] SELECT `id`,`title`,`content`,`created_at`,`updated_at`,`deleted_at` FROM `todo` WHERE `deleted_at` IS NULL ORDER BY `id` ASC
2022-12-29 20:00:24.787 [DEBU] {687c6b2dd6413517473bcc187150b45f} [  8 ms] [default] [gf_db_demo] [rows:2  ] SELECT `id`,`title`,`content`,`created_at`,`updated_at`,`deleted_at` FROM `todo` WHERE `deleted_at` IS NULL ORDER BY `id` ASC
2022-12-29 20:00:34.082 [DEBU] {d0c07457d8413517493bcc18c1243b05} [  8 ms] [default] [gf_db_demo] [rows:2  ] SELECT `id`,`title`,`content`,`created_at`,`updated_at`,`deleted_at` FROM `todo` WHERE `deleted_at` IS NULL ORDER BY `id` ASC
2022-12-29 20:01:13.278 [DEBU] {00512277e141351701eff15544d7f30f} [ 17 ms] [default] [gf_db_demo] [rows:6  ] SHOW FULL COLUMNS FROM `todo`
2022-12-29 20:01:13.294 [DEBU] {00512277e141351701eff15544d7f30f} [ 16 ms] [default] [gf_db_demo] [rows:1  ] INSERT INTO `todo`(`title`,`content`,`created_at`,`updated_at`) VALUES('adf','','2022-12-29 20:01:13','2022-12-29 20:01:13') 
2022-12-29 20:01:13.314 [DEBU] {90638c79e141351702eff1550a141819} [ 13 ms] [default] [gf_db_demo] [rows:3  ] SELECT `id`,`title`,`content`,`created_at`,`updated_at`,`deleted_at` FROM `todo` WHERE `deleted_at` IS NULL ORDER BY `id` ASC
2022-12-29 20:01:41.651 [DEBU] {a82a8310e841351703eff1558783e844} [ 48 ms] [default] [gf_db_demo] [rows:3  ] SELECT `id`,`title`,`content`,`created_at`,`updated_at`,`deleted_at` FROM `todo` WHERE `deleted_at` IS NULL ORDER BY `id` ASC
2022-12-29 20:01:57.650 [DEBU] {f8bd1ccceb41351704eff1550ea05eb0} [ 15 ms] [default] [gf_db_demo] [rows:3  ] SELECT `id`,`title`,`content`,`created_at`,`updated_at`,`deleted_at` FROM `todo` WHERE `deleted_at` IS NULL ORDER BY `id` ASC
2022-12-29 20:02:26.084 [DEBU] {28833c6af241351705eff155ef7d01e6} [ 26 ms] [default] [gf_db_demo] [rows:3  ] SELECT `id`,`title`,`content`,`created_at`,`updated_at`,`deleted_at` FROM `todo` WHERE `deleted_at` IS NULL ORDER BY `id` ASC
2022-12-29 20:04:43.610 [DEBU] {5065f36f1242351706eff1550e5c567e} [ 17 ms] [default] [gf_db_demo] [rows:3  ] SELECT `id`,`title`,`content`,`created_at`,`updated_at`,`deleted_at` FROM `todo` WHERE `deleted_at` IS NULL ORDER BY `id` ASC
2022-12-29 20:08:32.003 [DEBU] {7806a49d4742351707eff1553ed7e9b9} [ 10 ms] [default] [gf_db_demo] [rows:3  ] SELECT `id`,`title`,`content`,`created_at`,`updated_at`,`deleted_at` FROM `todo` WHERE `deleted_at` IS NULL LIMIT 0,10
2022-12-29 20:08:32.013 [DEBU] {7806a49d4742351707eff1553ed7e9b9} [ 10 ms] [default] [gf_db_demo] [rows:1  ] SELECT COUNT(1) FROM `todo` WHERE `deleted_at` IS NULL
2022-12-29 21:16:30.597 [DEBU] {f05b7f36fd453517a888814bfc63b7da} [107 ms] [default] [gf_db_demo] [rows:6  ] SHOW FULL COLUMNS FROM `todo`
2022-12-29 21:16:30.627 [DEBU] {f05b7f36fd453517a888814bfc63b7da} [ 28 ms] [default] [gf_db_demo] [rows:3  ] SELECT `id`,`title`,`content`,`created_at`,`updated_at`,`deleted_at` FROM `todo` WHERE `deleted_at` IS NULL ORDER BY `id` ASC
2022-12-29 22:06:35.085 [DEBU] {0053eec5b8483517a988814bed978216} [ 15 ms] [default] [gf_db_demo] [rows:3  ] SELECT `id`,`title`,`content`,`created_at`,`updated_at`,`deleted_at` FROM `todo` WHERE `deleted_at` IS NULL LIMIT 0,10
2022-12-29 22:06:35.096 [DEBU] {0053eec5b8483517a988814bed978216} [  9 ms] [default] [gf_db_demo] [rows:1  ] SELECT COUNT(1) FROM `todo` WHERE `deleted_at` IS NULL
2022-12-29 22:13:14.623 [DEBU] {889c59cc1549351735910903fec6d644} [ 13 ms] [default] [gf_db_demo] [rows:6  ] SHOW FULL COLUMNS FROM `todo`
2022-12-29 22:13:14.631 [DEBU] {889c59cc1549351735910903fec6d644} [  7 ms] [default] [gf_db_demo] [rows:3  ] SELECT `id`,`title`,`content`,`created_at`,`updated_at`,`deleted_at` FROM `todo` WHERE `deleted_at` IS NULL LIMIT 0,10
2022-12-29 22:13:14.641 [DEBU] {889c59cc1549351735910903fec6d644} [ 10 ms] [default] [gf_db_demo] [rows:1  ] SELECT COUNT(1) FROM `todo` WHERE `deleted_at` IS NULL
2022-12-29 22:21:41.336 [DEBU] {b0e6b7c68b49351776395a0dc4a33e34} [ 14 ms] [default] [gf_db_demo] [rows:6  ] SHOW FULL COLUMNS FROM `todo`
2022-12-29 22:21:41.346 [DEBU] {b0e6b7c68b49351776395a0dc4a33e34} [ 10 ms] [default] [gf_db_demo] [rows:3  ] SELECT `id`,`title`,`content`,`created_at`,`updated_at`,`deleted_at` FROM `todo` WHERE `deleted_at` IS NULL LIMIT 0,10
2022-12-29 22:21:41.387 [DEBU] {b0e6b7c68b49351776395a0dc4a33e34} [ 40 ms] [default] [gf_db_demo] [rows:1  ] SELECT COUNT(1) FROM `todo` WHERE `deleted_at` IS NULL
2022-12-29 22:21:41.701 [DEBU] {c833e2dc8b49351777395a0d47af786f} [  8 ms] [default] [gf_db_demo] [rows:3  ] SELECT `id`,`title`,`content`,`created_at`,`updated_at`,`deleted_at` FROM `todo` WHERE `deleted_at` IS NULL LIMIT 0,10
2022-12-29 22:21:41.709 [DEBU] {c833e2dc8b49351777395a0d47af786f} [  8 ms] [default] [gf_db_demo] [rows:1  ] SELECT COUNT(1) FROM `todo` WHERE `deleted_at` IS NULL
2022-12-29 22:23:09.619 [DEBU] {00260355a04935174d82c5756e04cf38} [ 11 ms] [default] [gf_db_demo] [rows:6  ] SHOW FULL COLUMNS FROM `todo`
2022-12-29 22:23:09.627 [DEBU] {00260355a04935174d82c5756e04cf38} [  7 ms] [default] [gf_db_demo] [rows:3  ] SELECT `id`,`title`,`content`,`created_at`,`updated_at`,`deleted_at` FROM `todo` WHERE `deleted_at` IS NULL LIMIT 0,10
2022-12-29 22:23:09.635 [DEBU] {00260355a04935174d82c5756e04cf38} [  7 ms] [default] [gf_db_demo] [rows:1  ] SELECT COUNT(1) FROM `todo` WHERE `deleted_at` IS NULL
2022-12-29 22:23:59.583 [DEBU] {e8281ff7ab493517a3471033898502e7} [ 10 ms] [default] [gf_db_demo] [rows:6  ] SHOW FULL COLUMNS FROM `todo`
2022-12-29 22:23:59.592 [DEBU] {e8281ff7ab493517a3471033898502e7} [  9 ms] [default] [gf_db_demo] [rows:3  ] SELECT `id`,`title`,`content`,`created_at`,`updated_at`,`deleted_at` FROM `todo` WHERE `deleted_at` IS NULL LIMIT 0,10
2022-12-29 22:23:59.599 [DEBU] {e8281ff7ab493517a3471033898502e7} [  7 ms] [default] [gf_db_demo] [rows:1  ] SELECT COUNT(1) FROM `todo` WHERE `deleted_at` IS NULL
2022-12-29 22:31:21.373 [DEBU] {18ca7fd1124a3517a801f025ce88b212} [ 47 ms] [default] [gf_db_demo] [rows:6  ] SHOW FULL COLUMNS FROM `todo`
2022-12-29 22:31:21.452 [DEBU] {18ca7fd1124a3517a801f025ce88b212} [ 73 ms] [default] [gf_db_demo] [rows:3  ] SELECT `id`,`title`,`content`,`created_at`,`updated_at`,`deleted_at` FROM `todo` WHERE `deleted_at` IS NULL LIMIT 0,10
2022-12-29 22:31:21.462 [DEBU] {18ca7fd1124a3517a801f025ce88b212} [  9 ms] [default] [gf_db_demo] [rows:1  ] SELECT COUNT(1) FROM `todo` WHERE `deleted_at` IS NULL
2022-12-29 22:32:52.493 [DEBU] {f87fc30a284a3517a43e053eaca95350} [ 14 ms] [default] [gf_db_demo] [rows:6  ] SHOW FULL COLUMNS FROM `todo`
2022-12-29 22:32:52.503 [DEBU] {f87fc30a284a3517a43e053eaca95350} [  9 ms] [default] [gf_db_demo] [rows:3  ] SELECT `id`,`title`,`content`,`created_at`,`updated_at`,`deleted_at` FROM `todo` WHERE `deleted_at` IS NULL LIMIT 0,10
2022-12-29 22:32:52.513 [DEBU] {f87fc30a284a3517a43e053eaca95350} [ 10 ms] [default] [gf_db_demo] [rows:1  ] SELECT COUNT(1) FROM `todo` WHERE `deleted_at` IS NULL
2022-12-29 22:32:52.523 [DEBU] {f87fc30a284a3517a43e053eaca95350} [  9 ms] [default] [gf_db_demo] [rows:3  ] SELECT `id`,`title`,`content`,`created_at`,`updated_at`,`deleted_at` FROM `todo` WHERE `deleted_at` IS NULL LIMIT 0,10
2022-12-29 22:34:16.015 [DEBU] {b023057d3b4a3517963d586276118f5b} [ 15 ms] [default] [gf_db_demo] [rows:6  ] SHOW FULL COLUMNS FROM `todo`
2022-12-29 22:34:16.024 [DEBU] {b023057d3b4a3517963d586276118f5b} [  8 ms] [default] [gf_db_demo] [rows:3  ] SELECT `id`,`title`,`content`,`created_at`,`updated_at`,`deleted_at` FROM `todo` WHERE `deleted_at` IS NULL LIMIT 0,10
2022-12-29 22:34:16.033 [DEBU] {b023057d3b4a3517963d586276118f5b} [  8 ms] [default] [gf_db_demo] [rows:1  ] SELECT COUNT(1) FROM `todo` WHERE `deleted_at` IS NULL
2022-12-29 22:34:16.041 [DEBU] {b023057d3b4a3517963d586276118f5b} [  7 ms] [default] [gf_db_demo] [rows:3  ] SELECT `id`,`title`,`content`,`created_at`,`updated_at`,`deleted_at` FROM `todo` WHERE `deleted_at` IS NULL LIMIT 0,10
2022-12-29 22:40:19.018 [DEBU] {e0cb7601904a3517d90d0a21684a7d4f} [ 19 ms] [default] [gf_db_demo] [rows:6  ] SHOW FULL COLUMNS FROM `todo`
2022-12-29 22:40:19.033 [DEBU] {e0cb7601904a3517d90d0a21684a7d4f} [ 14 ms] [default] [gf_db_demo] [rows:3  ] SELECT `id`,`title`,`content`,`created_at`,`updated_at`,`deleted_at` FROM `todo` WHERE `deleted_at` IS NULL LIMIT 0,10
2022-12-29 22:40:19.045 [DEBU] {e0cb7601904a3517d90d0a21684a7d4f} [ 11 ms] [default] [gf_db_demo] [rows:1  ] SELECT COUNT(1) FROM `todo` WHERE `deleted_at` IS NULL
2022-12-29 22:40:51.964 [DEBU] {f095a2ad974a3517da645f7be678381a} [ 12 ms] [default] [gf_db_demo] [rows:6  ] SHOW FULL COLUMNS FROM `todo`
2022-12-29 22:40:51.970 [DEBU] {f095a2ad974a3517da645f7be678381a} [  6 ms] [default] [gf_db_demo] [rows:3  ] SELECT `id`,`title`,`content`,`created_at`,`updated_at`,`deleted_at` FROM `todo` WHERE `deleted_at` IS NULL LIMIT 0,10
2022-12-29 22:40:51.976 [DEBU] {f095a2ad974a3517da645f7be678381a} [  5 ms] [default] [gf_db_demo] [rows:1  ] SELECT COUNT(1) FROM `todo` WHERE `deleted_at` IS NULL
2022-12-29 22:41:26.710 [DEBU] {b0c638c49f4a3517ed3cb57ebbeafc45} [ 18 ms] [default] [gf_db_demo] [rows:6  ] SHOW FULL COLUMNS FROM `todo`
2022-12-29 22:41:26.720 [DEBU] {b0c638c49f4a3517ed3cb57ebbeafc45} [  9 ms] [default] [gf_db_demo] [rows:3  ] SELECT `id`,`title`,`content`,`created_at`,`updated_at`,`deleted_at` FROM `todo` WHERE `deleted_at` IS NULL LIMIT 0,10
2022-12-29 22:41:26.730 [DEBU] {b0c638c49f4a3517ed3cb57ebbeafc45} [  9 ms] [default] [gf_db_demo] [rows:1  ] SELECT COUNT(1) FROM `todo` WHERE `deleted_at` IS NULL
2022-12-29 22:48:19.114 [DEBU] {70359eb6e14a3517097e61138d1cb3ae} [ 13 ms] [default] [gf_db_demo] [rows:6  ] SHOW FULL COLUMNS FROM `todo`
2022-12-29 22:48:19.125 [DEBU] {70359eb6e14a3517097e61138d1cb3ae} [  9 ms] [default] [gf_db_demo] [rows:3  ] SELECT `id`,`title`,`content`,`created_at`,`updated_at`,`deleted_at` FROM `todo` WHERE `deleted_at` IS NULL LIMIT 0,10
2022-12-29 22:48:19.133 [DEBU] {70359eb6e14a3517097e61138d1cb3ae} [  8 ms] [default] [gf_db_demo] [rows:1  ] SELECT COUNT(1) FROM `todo` WHERE `deleted_at` IS NULL
2022-12-29 22:49:40.000 [DEBU] {00412f9f124b35170a7e6113dd69499b} [ 10 ms] [default] [gf_db_demo] [rows:3  ] SELECT `id`,`title`,`content`,`created_at`,`updated_at`,`deleted_at` FROM `todo` WHERE `deleted_at` IS NULL LIMIT 0,10
2022-12-29 22:49:40.008 [DEBU] {00412f9f124b35170a7e6113dd69499b} [  8 ms] [default] [gf_db_demo] [rows:1  ] SELECT COUNT(1) FROM `todo` WHERE `deleted_at` IS NULL
2022-12-29 22:49:56.803 [DEBU] {5868a488164b35170b7e61130d95af74} [ 11 ms] [default] [gf_db_demo] [rows:3  ] SELECT `id`,`title`,`content`,`created_at`,`updated_at`,`deleted_at` FROM `todo` WHERE `deleted_at` IS NULL LIMIT 0,10
2022-12-29 22:49:56.810 [DEBU] {5868a488164b35170b7e61130d95af74} [  7 ms] [default] [gf_db_demo] [rows:1  ] SELECT COUNT(1) FROM `todo` WHERE `deleted_at` IS NULL
2022-12-29 22:51:32.875 [DEBU] {b093dee62c4b3517888aa04331901acf} [ 12 ms] [default] [gf_db_demo] [rows:6  ] SHOW FULL COLUMNS FROM `todo`
2022-12-29 22:51:32.884 [DEBU] {b093dee62c4b3517888aa04331901acf} [  9 ms] [default] [gf_db_demo] [rows:1  ] SELECT COUNT(1) FROM `todo` WHERE `deleted_at` IS NULL
2022-12-29 22:52:34.955 [DEBU] {f818e45a3b4b35173fa27e7131e86017} [ 15 ms] [default] [gf_db_demo] [rows:6  ] SHOW FULL COLUMNS FROM `todo`
2022-12-29 22:52:34.965 [DEBU] {f818e45a3b4b35173fa27e7131e86017} [  9 ms] [default] [gf_db_demo] [rows:1  ] SELECT COUNT(1) FROM `todo` WHERE `deleted_at` IS NULL
2022-12-29 22:53:17.721 [DEBU] {38332150454b3517955bbe78baece613} [ 13 ms] [default] [gf_db_demo] [rows:6  ] SHOW FULL COLUMNS FROM `todo`
2022-12-29 22:53:17.731 [DEBU] {38332150454b3517955bbe78baece613} [ 10 ms] [default] [gf_db_demo] [rows:1  ] SELECT COUNT(1) FROM `todo` WHERE `deleted_at` IS NULL
2022-12-29 22:54:06.824 [DEBU] {b80fa0be504b351792d51051ae13537f} [ 16 ms] [default] [gf_db_demo] [rows:6  ] SHOW FULL COLUMNS FROM `todo`
2022-12-29 22:54:06.834 [DEBU] {b80fa0be504b351792d51051ae13537f} [  9 ms] [default] [gf_db_demo] [rows:3  ] SELECT `id`,`title`,`content`,`created_at`,`updated_at`,`deleted_at` FROM `todo` WHERE `deleted_at` IS NULL LIMIT 0,10
2022-12-29 22:54:06.846 [DEBU] {b80fa0be504b351792d51051ae13537f} [ 11 ms] [default] [gf_db_demo] [rows:1  ] SELECT COUNT(1) FROM `todo` WHERE `deleted_at` IS NULL
2022-12-29 22:54:48.194 [DEBU] {6038ba605a4b3517ced7f66ee2d56466} [ 13 ms] [default] [gf_db_demo] [rows:6  ] SHOW FULL COLUMNS FROM `todo`
2022-12-29 22:54:48.201 [DEBU] {6038ba605a4b3517ced7f66ee2d56466} [  7 ms] [default] [gf_db_demo] [rows:3  ] SELECT `id`,`title`,`content`,`created_at`,`updated_at`,`deleted_at` FROM `todo` WHERE `deleted_at` IS NULL LIMIT 0,10
2022-12-29 22:54:48.211 [DEBU] {6038ba605a4b3517ced7f66ee2d56466} [  9 ms] [default] [gf_db_demo] [rows:1  ] SELECT COUNT(1) FROM `todo` WHERE `deleted_at` IS NULL
2022-12-29 22:55:21.117 [DEBU] {10ccd30a624b351785baba4c9bbbb9e5} [ 16 ms] [default] [gf_db_demo] [rows:6  ] SHOW FULL COLUMNS FROM `todo`
2022-12-29 22:55:21.128 [DEBU] {10ccd30a624b351785baba4c9bbbb9e5} [ 10 ms] [default] [gf_db_demo] [rows:3  ] SELECT `id`,`title`,`content`,`created_at`,`updated_at`,`deleted_at` FROM `todo` WHERE `deleted_at` IS NULL LIMIT 0,10
2022-12-29 22:56:02.730 [DEBU] {10ccd30a624b351785baba4c9bbbb9e5} [  9 ms] [default] [gf_db_demo] [rows:1  ] SELECT COUNT(1) FROM `todo` WHERE `deleted_at` IS NULL
2022-12-29 22:56:10.980 [DEBU] {307b57a76d4b351786baba4c3a11b6e6} [ 11 ms] [default] [gf_db_demo] [rows:3  ] SELECT `id`,`title`,`content`,`created_at`,`updated_at`,`deleted_at` FROM `todo` WHERE `deleted_at` IS NULL LIMIT 0,10
2022-12-29 22:56:12.934 [DEBU] {307b57a76d4b351786baba4c3a11b6e6} [  8 ms] [default] [gf_db_demo] [rows:1  ] SELECT COUNT(1) FROM `todo` WHERE `deleted_at` IS NULL
