2022-12-31 09:44:05.207 [DEBU] {10cd40525dbd3517a12117766a0d9bfa} [ 55 ms] [default] [gf_db_demo] [rows:6  ] SHOW FULL COLUMNS FROM `todo`
2022-12-31 09:44:05.223 [DEBU] {10cd40525dbd3517a12117766a0d9bfa} [ 13 ms] [default] [gf_db_demo] [rows:3  ] SELECT `id`,`title`,`content`,`created_at`,`updated_at`,`deleted_at` FROM `todo` WHERE `deleted_at` IS NULL LIMIT 0,10
2022-12-31 09:44:05.238 [DEBU] {10cd40525dbd3517a12117766a0d9bfa} [ 14 ms] [default] [gf_db_demo] [rows:1  ] SELECT COUNT(1) FROM `todo` WHERE `deleted_at` IS NULL
2022-12-31 09:44:18.062 [DEBU] {40a4125360bd3517a2211776d7627047} [ 16 ms] [default] [gf_db_demo] [rows:3  ] SELECT `id`,`title`,`content`,`created_at`,`updated_at`,`deleted_at` FROM `todo` WHERE `deleted_at` IS NULL LIMIT 0,10
2022-12-31 09:44:18.076 [DEBU] {40a4125360bd3517a2211776d7627047} [ 13 ms] [default] [gf_db_demo] [rows:1  ] SELECT COUNT(1) FROM `todo` WHERE `deleted_at` IS NULL
2022-12-31 09:52:23.102 [DEBU] {00d9af40d1bd35175e568322ac631cb6} [ 30 ms] [default] [gf_db_demo] [rows:6  ] SHOW FULL COLUMNS FROM `todo`
2022-12-31 09:52:23.130 [DEBU] {00d9af40d1bd35175e568322ac631cb6} [ 26 ms] [default] [gf_db_demo] [rows:3  ] SELECT `id`,`title`,`content`,`created_at`,`updated_at`,`deleted_at` FROM `todo` WHERE `deleted_at` IS NULL LIMIT 0,10
2022-12-31 09:52:23.143 [DEBU] {00d9af40d1bd35175e568322ac631cb6} [ 12 ms] [default] [gf_db_demo] [rows:1  ] SELECT COUNT(1) FROM `todo` WHERE `deleted_at` IS NULL
2022-12-31 09:52:23.156 [DEBU] {00d9af40d1bd35175e568322ac631cb6} [ 12 ms] [default] [gf_db_demo] [rows:3  ] SELECT `id`,`title`,`content`,`created_at`,`updated_at`,`deleted_at` FROM `todo` WHERE `deleted_at` IS NULL LIMIT 0,10
2022-12-31 15:42:04.762 [DEBU] {a02b916ce6d03517d152a31a04a42425} [ 41 ms] [default] [gf_db_demo] [rows:6  ] SHOW FULL COLUMNS FROM `todo`
2022-12-31 15:42:04.776 [DEBU] {a02b916ce6d03517d152a31a04a42425} [ 12 ms] [default] [gf_db_demo] [rows:3  ] SELECT `id`,`title`,`content`,`created_at`,`updated_at`,`deleted_at` FROM `todo` WHERE `deleted_at` IS NULL LIMIT 0,10
2022-12-31 15:42:04.785 [DEBU] {a02b916ce6d03517d152a31a04a42425} [  9 ms] [default] [gf_db_demo] [rows:1  ] SELECT COUNT(1) FROM `todo` WHERE `deleted_at` IS NULL
2022-12-31 15:42:04.794 [DEBU] {a02b916ce6d03517d152a31a04a42425} [  9 ms] [default] [gf_db_demo] [rows:3  ] SELECT `id`,`title`,`content`,`created_at`,`updated_at`,`deleted_at` FROM `todo` WHERE `deleted_at` IS NULL LIMIT 0,10
2022-12-31 15:42:42.382 [DEBU] {a0d1c330efd03517a5e2f66ab8eb1a5f} [ 10 ms] [default] [gf_db_demo] [rows:6  ] SHOW FULL COLUMNS FROM `todo`
2022-12-31 15:42:42.390 [DEBU] {a0d1c330efd03517a5e2f66ab8eb1a5f} [  7 ms] [default] [gf_db_demo] [rows:3  ] SELECT `id`,`title`,`content`,`created_at`,`updated_at`,`deleted_at` FROM `todo` WHERE `deleted_at` IS NULL LIMIT 0,10
2022-12-31 15:42:42.397 [DEBU] {a0d1c330efd03517a5e2f66ab8eb1a5f} [  7 ms] [default] [gf_db_demo] [rows:1  ] SELECT COUNT(1) FROM `todo` WHERE `deleted_at` IS NULL
2022-12-31 15:42:42.404 [DEBU] {a0d1c330efd03517a5e2f66ab8eb1a5f} [  6 ms] [default] [gf_db_demo] [rows:3  ] SELECT `id`,`title`,`content`,`created_at`,`updated_at`,`deleted_at` FROM `todo` WHERE `deleted_at` IS NULL LIMIT 0,10
2022-12-31 15:42:47.180 [DEBU] {b0fee44ef0d03517a6e2f66afd2e201c} [  8 ms] [default] [gf_db_demo] [rows:3  ] SELECT `id`,`title`,`content`,`created_at`,`updated_at`,`deleted_at` FROM `todo` WHERE `deleted_at` IS NULL LIMIT 0,10
2022-12-31 15:42:47.187 [DEBU] {b0fee44ef0d03517a6e2f66afd2e201c} [  6 ms] [default] [gf_db_demo] [rows:1  ] SELECT COUNT(1) FROM `todo` WHERE `deleted_at` IS NULL
2022-12-31 15:42:47.194 [DEBU] {b0fee44ef0d03517a6e2f66afd2e201c} [  7 ms] [default] [gf_db_demo] [rows:3  ] SELECT `id`,`title`,`content`,`created_at`,`updated_at`,`deleted_at` FROM `todo` WHERE `deleted_at` IS NULL LIMIT 0,10
2022-12-31 15:43:07.181 [DEBU] {c8dccef6f4d035172d58f930043c039f} [ 11 ms] [default] [gf_db_demo] [rows:6  ] SHOW FULL COLUMNS FROM `todo`
2022-12-31 15:43:07.189 [DEBU] {c8dccef6f4d035172d58f930043c039f} [  7 ms] [default] [gf_db_demo] [rows:3  ] SELECT `id`,`title`,`content`,`created_at`,`updated_at`,`deleted_at` FROM `todo` WHERE `deleted_at` IS NULL LIMIT 0,10
2022-12-31 15:43:07.198 [DEBU] {c8dccef6f4d035172d58f930043c039f} [  9 ms] [default] [gf_db_demo] [rows:1  ] SELECT COUNT(1) FROM `todo` WHERE `deleted_at` IS NULL
2022-12-31 18:15:39.762 [DEBU] {e88da2f647d93517471a534b2fd67dc2} [ 19 ms] [default] [gf_db_demo] [rows:6  ] SHOW FULL COLUMNS FROM `todo`
2022-12-31 18:15:39.771 [DEBU] {e88da2f647d93517471a534b2fd67dc2} [  7 ms] [default] [gf_db_demo] [rows:3  ] SELECT `id`,`title`,`content`,`created_at`,`updated_at`,`deleted_at` FROM `todo` WHERE `deleted_at` IS NULL ORDER BY `id` ASC
2022-12-31 21:00:16.719 [DEBU] {784c109f43e235179f1c774243b80783} [ 21 ms] [default] [gf_db_demo] [rows:9  ] SHOW FULL COLUMNS FROM `position_info`
2022-12-31 21:00:16.760 [DEBU] {784c109f43e235179f1c774243b80783} [ 39 ms] [default] [gf_db_demo] [rows:1  ] INSERT INTO `position_info`(`sort`,`goods_name`,`goods_picture`,`goods_id`,`link_url`,`created_at`) VALUES(5,'毛情要八','http://dummyimage.com/400x400',42,'http://hlruvjek.ms/bcu','2022-12-31 21:00:16') 
2022-12-31 21:00:27.666 [DEBU] {1099e22b46e23517a01c77422b69d8f9} [ 15 ms] [default] [gf_db_demo] [rows:1  ] INSERT INTO `position_info`(`link_url`,`sort`,`created_at`,`goods_name`,`goods_picture`,`goods_id`) VALUES('http://esnnxdchn.hn/srqcatkl',52,'2022-12-31 21:00:27','段青代装意红','http://dummyimage.com/400x400',8) 
2022-12-31 21:01:43.944 [DEBU] {c87c9fee57e235178f373b3cb95e96db} [ 11 ms] [default] [gf_db_demo] [rows:9  ] SHOW FULL COLUMNS FROM `position_info`
2022-12-31 21:01:43.960 [DEBU] {c87c9fee57e235178f373b3cb95e96db} [ 16 ms] [default] [gf_db_demo] [rows:1  ] INSERT INTO `position_info`(`goods_name`,`goods_picture`,`goods_id`,`link_url`,`sort`,`created_at`) VALUES('山管领','http://dummyimage.com/400x400',18,'http://vflpyhebq.la/eci',42,'2022-12-31 21:01:43') 
2022-12-31 21:01:50.105 [DEBU] {c0abf85d59e2351790373b3c864c9a1d} [ 11 ms] [default] [gf_db_demo] [rows:1  ] INSERT INTO `position_info`(`goods_name`,`goods_picture`,`goods_id`,`link_url`,`sort`,`created_at`) VALUES('山管领','http://dummyimage.com/400x400',18,'http://vflpyhebq.la/eci',42,'2022-12-31 21:01:50') 
2022-12-31 21:08:09.930 [DEBU] {382e09cdb1e235179abfa37a6861dab5} [ 15 ms] [default] [gf_db_demo] [rows:9  ] SHOW FULL COLUMNS FROM `position_info`
2022-12-31 21:08:09.941 [DEBU] {382e09cdb1e235179abfa37a6861dab5} [ 11 ms] [default] [gf_db_demo] [rows:1  ] INSERT INTO `position_info`(`goods_name`,`goods_picture`,`goods_id`,`link_url`,`sort`,`created_at`) VALUES('行族造权示风目','http://dummyimage.com/400x400',65,'http://zrdcvul.tg/jymndf',31,'2022-12-31 21:08:09') 
2022-12-31 21:08:29.538 [DEBU] {2094c15db6e235179cbfa37a546777fa} [ 15 ms] [default] [gf_db_demo] [rows:1  ] UPDATE `position_info` SET `goods_name`='节儿或目非张之',`deleted_at`=null,`goods_id`=52,`goods_picture`='http://dummyimage.com/400x400',`updateed_at`=null,`sort`=14,`link_url`='http://wmvnuezi.ga/nswnbjvk',`created_at`=null WHERE (`id`=1) AND `deleted_at` IS NULL
2022-12-31 21:08:41.378 [DEBU] {d013af1fb9e235179dbfa37ac753620e} [ 12 ms] [default] [gf_db_demo] [rows:1  ] DELETE FROM `position_info` WHERE `id`=2
2022-12-31 21:11:10.534 [DEBU] {18db17dadbe2351752b2fb2276ade451} [ 11 ms] [default] [gf_db_demo] [rows:9  ] SHOW FULL COLUMNS FROM `position_info`
2022-12-31 21:11:10.544 [DEBU] {18db17dadbe2351752b2fb2276ade451} [  9 ms] [default] [gf_db_demo] [rows:4  ] SELECT `id`,`goods_name`,`goods_picture`,`goods_id`,`link_url`,`sort`,`created_at`,`updateed_at`,`deleted_at` FROM `position_info` WHERE `deleted_at` IS NULL ORDER BY `sort` DESC
2022-12-31 21:11:10.554 [DEBU] {18db17dadbe2351752b2fb2276ade451} [ 10 ms] [default] [gf_db_demo] [rows:1  ] SELECT COUNT(1) FROM `position_info` WHERE `deleted_at` IS NULL
2022-12-31 21:12:14.471 [DEBU] {c0370dbdeae23517eb0f3a1d1721be99} [ 11 ms] [default] [gf_db_demo] [rows:9  ] SHOW FULL COLUMNS FROM `position_info`
2022-12-31 21:12:14.479 [DEBU] {c0370dbdeae23517eb0f3a1d1721be99} [  7 ms] [default] [gf_db_demo] [rows:4  ] SELECT `id`,`goods_name`,`goods_picture`,`goods_id`,`link_url`,`sort`,`created_at`,`updateed_at`,`deleted_at` FROM `position_info` WHERE `deleted_at` IS NULL ORDER BY `sort` DESC
2022-12-31 21:12:14.488 [DEBU] {c0370dbdeae23517eb0f3a1d1721be99} [  8 ms] [default] [gf_db_demo] [rows:1  ] SELECT COUNT(1) FROM `position_info` WHERE `deleted_at` IS NULL
2022-12-31 21:12:16.374 [DEBU] {08b2922eebe23517ec0f3a1dc95c7e38} [ 10 ms] [default] [gf_db_demo] [rows:4  ] SELECT `id`,`goods_name`,`goods_picture`,`goods_id`,`link_url`,`sort`,`created_at`,`updateed_at`,`deleted_at` FROM `position_info` WHERE `deleted_at` IS NULL ORDER BY `sort` DESC
2022-12-31 21:12:16.383 [DEBU] {08b2922eebe23517ec0f3a1dc95c7e38} [  9 ms] [default] [gf_db_demo] [rows:1  ] SELECT COUNT(1) FROM `position_info` WHERE `deleted_at` IS NULL
2022-12-31 21:13:20.549 [DEBU] {480a7d1ffae235170d480279dcd153e7} [ 13 ms] [default] [gf_db_demo] [rows:9  ] SHOW FULL COLUMNS FROM `position_info`
2022-12-31 21:13:20.556 [DEBU] {480a7d1ffae235170d480279dcd153e7} [  6 ms] [default] [gf_db_demo] [rows:4  ] SELECT `id`,`goods_name`,`goods_picture`,`goods_id`,`link_url`,`sort`,`created_at`,`updateed_at`,`deleted_at` FROM `position_info` WHERE `deleted_at` IS NULL ORDER BY `sort` DESC
2022-12-31 21:13:20.562 [DEBU] {480a7d1ffae235170d480279dcd153e7} [  5 ms] [default] [gf_db_demo] [rows:1  ] SELECT COUNT(1) FROM `position_info` WHERE `deleted_at` IS NULL
2022-12-31 21:13:20.569 [DEBU] {480a7d1ffae235170d480279dcd153e7} [  6 ms] [default] [gf_db_demo] [rows:4  ] SELECT `id`,`goods_name`,`goods_picture`,`goods_id`,`link_url`,`sort`,`created_at`,`updateed_at`,`deleted_at` FROM `position_info` WHERE `deleted_at` IS NULL ORDER BY `sort` DESC
2022-12-31 21:13:36.202 [DEBU] {f8e6a6c4fde235170e4802790d85567e} [ 10 ms] [default] [gf_db_demo] [rows:4  ] SELECT `id`,`goods_name`,`goods_picture`,`goods_id`,`link_url`,`sort`,`created_at`,`updateed_at`,`deleted_at` FROM `position_info` WHERE `deleted_at` IS NULL ORDER BY `sort` DESC LIMIT 0,10
2022-12-31 21:13:36.212 [DEBU] {f8e6a6c4fde235170e4802790d85567e} [  9 ms] [default] [gf_db_demo] [rows:1  ] SELECT COUNT(1) FROM `position_info` WHERE `deleted_at` IS NULL
2022-12-31 21:13:36.221 [DEBU] {f8e6a6c4fde235170e4802790d85567e} [  9 ms] [default] [gf_db_demo] [rows:4  ] SELECT `id`,`goods_name`,`goods_picture`,`goods_id`,`link_url`,`sort`,`created_at`,`updateed_at`,`deleted_at` FROM `position_info` WHERE `deleted_at` IS NULL ORDER BY `sort` DESC LIMIT 0,10
2022-12-31 21:14:42.303 [DEBU] {887353280de33517daf1994c49154086} [ 14 ms] [default] [gf_db_demo] [rows:9  ] SHOW FULL COLUMNS FROM `position_info`
2022-12-31 21:14:42.313 [DEBU] {887353280de33517daf1994c49154086} [  9 ms] [default] [gf_db_demo] [rows:4  ] SELECT `id`,`goods_name`,`goods_picture`,`goods_id`,`link_url`,`sort`,`created_at`,`updateed_at`,`deleted_at` FROM `position_info` WHERE `deleted_at` IS NULL ORDER BY `sort` DESC LIMIT 0,10
2022-12-31 21:14:42.325 [DEBU] {887353280de33517daf1994c49154086} [ 11 ms] [default] [gf_db_demo] [rows:1  ] SELECT COUNT(1) FROM `position_info` WHERE `deleted_at` IS NULL
2022-12-31 21:14:42.335 [DEBU] {887353280de33517daf1994c49154086} [ 10 ms] [default] [gf_db_demo] [rows:4  ] SELECT `id`,`goods_name`,`goods_picture`,`goods_id`,`link_url`,`sort`,`created_at`,`updateed_at`,`deleted_at` FROM `position_info` WHERE `deleted_at` IS NULL ORDER BY `sort` DESC LIMIT 0,10
2022-12-31 21:19:28.830 [DEBU] {005cc7de4fe335177f2c9745a3db0c53} [ 12 ms] [default] [gf_db_demo] [rows:9  ] SHOW FULL COLUMNS FROM `position_info`
2022-12-31 21:19:28.847 [DEBU] {005cc7de4fe335177f2c9745a3db0c53} [ 16 ms] [default] [gf_db_demo] [rows:1  ] INSERT INTO `position_info`(`link_url`,`sort`,`goods_name`,`goods_picture`,`goods_id`,`created_at`) VALUES('http://pkjwennh.lc/gtugq',25,'风几向物到','http://dummyimage.com/400x400',22,'2022-12-31 21:19:28') 
2022-12-31 21:24:15.900 [DEBU] {280136b592e33517802c97457f6bccd8} [ 17 ms] [default] [gf_db_demo] [rows:1  ] UPDATE `position_info` SET `deleted_at`=null,`link_url`='http://admoi.us/ylr',`updateed_at`=null,`goods_picture`='http://dummyimage.com/400x400',`goods_id`=25,`created_at`=null,`sort`=44,`goods_name`='到较还教结' WHERE (`id`=3) AND `deleted_at` IS NULL
2022-12-31 21:24:41.079 [DEBU] {20fb4c9298e33517812c9745e56e4d8b} [ 12 ms] [default] [gf_db_demo] [rows:1  ] DELETE FROM `position_info` WHERE `id`=1
2022-12-31 21:24:43.780 [DEBU] {b06c6d3399e33517822c97458cdf8869} [ 10 ms] [default] [gf_db_demo] [rows:0  ] DELETE FROM `position_info` WHERE `id`=13
2022-12-31 21:24:45.822 [DEBU] {4071aaac99e33517832c97458cf31eea} [ 18 ms] [default] [gf_db_demo] [rows:1  ] DELETE FROM `position_info` WHERE `id`=3
2022-12-31 21:24:55.305 [DEBU] {183531e29be33517842c9745547fbd0e} [ 13 ms] [default] [gf_db_demo] [rows:1  ] INSERT INTO `position_info`(`sort`,`created_at`,`goods_name`,`goods_picture`,`goods_id`,`link_url`) VALUES(53,'2022-12-31 21:24:55','分就半你满按','http://dummyimage.com/400x400',98,'http://nielt.pk/canr') 
2022-12-31 21:25:59.128 [DEBU] {602d8dbeaae33517d3234905bfe91daa} [  9 ms] [default] [gf_db_demo] [rows:9  ] SHOW FULL COLUMNS FROM `position_info`
2022-12-31 21:25:59.140 [DEBU] {602d8dbeaae33517d3234905bfe91daa} [ 11 ms] [default] [gf_db_demo] [rows:1  ] UPDATE `position_info` SET `sort`=44,`goods_picture`='http://dummyimage.com/400x400',`updated_at`='2022-12-31 21:25:59',`goods_name`='到较还教结',`deleted_at`=null,`goods_id`=25,`created_at`=null,`link_url`='http://admoi.us/ylr' WHERE (`id`=4) AND `deleted_at` IS NULL
2022-12-31 21:26:11.650 [DEBU] {58f8b4a8ade33517d42349050e9e5f20} [ 13 ms] [default] [gf_db_demo] [rows:1  ] UPDATE `position_info` SET `created_at`=null,`link_url`='http://admoi.us/ylr',`updated_at`='2022-12-31 21:26:11',`goods_id`=25,`deleted_at`=null,`goods_picture`='http://dummyimage.com/400x400',`sort`=44,`goods_name`='到较还教结' WHERE (`id`=5) AND `deleted_at` IS NULL
