2023-01-07 21:23:00.549 [DEBU] {5813961e910938177bc2d521aa74035e} [ 93 ms] [default] [gf_db_demo] [rows:9  ] SHOW FULL COLUMNS FROM `account_info`
2023-01-07 21:23:00.569 [DEBU] {e8c15124910938177cc2d52178b6f8b3} [ 17 ms] [default] [gf_db_demo] [rows:1  ] SELECT `id`,`account`,`password`,`is_super_admin`,`role_ids`,`user_salt`,`created_at`,`updated_at`,`deleted_at` FROM `account_info` WHERE (`account`='test') AND `deleted_at` IS NULL LIMIT 1
2023-01-07 21:26:37.087 [DEBU] {704b2b8ec30938176303a53db20e7fe5} [ 11 ms] [default] [gf_db_demo] [rows:9  ] SHOW FULL COLUMNS FROM `account_info`
2023-01-07 21:26:37.102 [DEBU] {8075e68ec30938176403a53d1f734fc7} [ 14 ms] [default] [gf_db_demo] [rows:1  ] SELECT `id`,`account`,`password`,`is_super_admin`,`role_ids`,`user_salt`,`created_at`,`updated_at`,`deleted_at` FROM `account_info` WHERE (`account`='test') AND `deleted_at` IS NULL LIMIT 1
2023-01-07 21:27:45.273 [DEBU] {e830386ed3093817fec30f794227a68f} [ 13 ms] [default] [gf_db_demo] [rows:9  ] SHOW FULL COLUMNS FROM `account_info`
2023-01-07 21:27:45.284 [DEBU] {70c9076fd3093817ffc30f791b1fa868} [ 11 ms] [default] [gf_db_demo] [rows:1  ] SELECT `id`,`account`,`password`,`is_super_admin`,`role_ids`,`user_salt`,`created_at`,`updated_at`,`deleted_at` FROM `account_info` WHERE (`account`='test') AND `deleted_at` IS NULL LIMIT 1
2023-01-07 21:28:17.705 [DEBU] {50c65afbda09381782acc564eabf05dd} [ 13 ms] [default] [gf_db_demo] [rows:9  ] SHOW FULL COLUMNS FROM `account_info`
2023-01-07 21:28:17.714 [DEBU] {402a29fcda09381783acc56418d16849} [  8 ms] [default] [gf_db_demo] [rows:1  ] SELECT `id`,`account`,`password`,`is_super_admin`,`role_ids`,`user_salt`,`created_at`,`updated_at`,`deleted_at` FROM `account_info` WHERE (`account`='test') AND `deleted_at` IS NULL LIMIT 1
2023-01-07 21:28:21.150 [DEBU] {c8fff3c8db09381785acc564be11a924} [  7 ms] [default] [gf_db_demo] [rows:1  ] SELECT `id`,`account`,`password`,`is_super_admin`,`role_ids`,`user_salt`,`created_at`,`updated_at`,`deleted_at` FROM `account_info` WHERE (`account`='test') AND `deleted_at` IS NULL LIMIT 1
2023-01-07 21:28:57.914 [DEBU] {f8d2f957e40938176b6d4636709d0e3b} [ 13 ms] [default] [gf_db_demo] [rows:9  ] SHOW FULL COLUMNS FROM `account_info`
2023-01-07 21:28:57.927 [DEBU] {a822db58e40938176c6d46369381f9df} [ 11 ms] [default] [gf_db_demo] [rows:1  ] SELECT `id`,`account`,`password`,`is_super_admin`,`role_ids`,`user_salt`,`created_at`,`updated_at`,`deleted_at` FROM `account_info` WHERE (`account`='test') AND `deleted_at` IS NULL LIMIT 1
2023-01-07 21:31:35.452 [DEBU] {c0a4c405090a38176e6d46362f640e1f} [ 17 ms] [default] [gf_db_demo] [rows:1  ] SELECT `id`,`account`,`password`,`is_super_admin`,`role_ids`,`user_salt`,`created_at`,`updated_at`,`deleted_at` FROM `account_info` WHERE (`account`='test') AND `deleted_at` IS NULL LIMIT 1
2023-01-07 21:32:28.750 [DEBU] {c86ef06e150a3817706d46367e1f4b5c} [ 11 ms] [default] [gf_db_demo] [rows:1  ] SELECT `id`,`account`,`password`,`is_super_admin`,`role_ids`,`user_salt`,`created_at`,`updated_at`,`deleted_at` FROM `account_info` WHERE (`account`='test') AND `deleted_at` IS NULL LIMIT 1
2023-01-07 21:33:13.756 [DEBU] {803e98e91f0a3817726d4636fa876d92} [  9 ms] [default] [gf_db_demo] [rows:1  ] SELECT `id`,`account`,`password`,`is_super_admin`,`role_ids`,`user_salt`,`created_at`,`updated_at`,`deleted_at` FROM `account_info` WHERE (`account`='test') AND `deleted_at` IS NULL LIMIT 1
2023-01-07 21:33:31.564 [DEBU] {9890e60e240a3817746d4636f7bcdf2e} [ 11 ms] [default] [gf_db_demo] [rows:1  ] SELECT `id`,`account`,`password`,`is_super_admin`,`role_ids`,`user_salt`,`created_at`,`updated_at`,`deleted_at` FROM `account_info` WHERE (`account`='test') AND `deleted_at` IS NULL LIMIT 1
2023-01-07 21:34:58.581 [DEBU] {480e7651380a3817766d46366ba1ee0d} [ 12 ms] [default] [gf_db_demo] [rows:1  ] SELECT `id`,`account`,`password`,`is_super_admin`,`role_ids`,`user_salt`,`created_at`,`updated_at`,`deleted_at` FROM `account_info` WHERE (`account`='test') AND `deleted_at` IS NULL LIMIT 1
2023-01-07 21:36:16.973 [DEBU] {402bff914a0a38173e11905712cfb71b} [ 12 ms] [default] [gf_db_demo] [rows:9  ] SHOW FULL COLUMNS FROM `account_info`
2023-01-07 21:36:16.982 [DEBU] {f8d9c9924a0a38173f11905755db3520} [  8 ms] [default] [gf_db_demo] [rows:1  ] SELECT `id`,`account`,`password`,`is_super_admin`,`role_ids`,`user_salt`,`created_at`,`updated_at`,`deleted_at` FROM `account_info` WHERE (`account`='test') AND `deleted_at` IS NULL LIMIT 1
2023-01-07 21:36:20.767 [DEBU] {78014f744b0a3817401190571ccc03a0} [  9 ms] [default] [gf_db_demo] [rows:1  ] SELECT `id`,`account`,`password`,`is_super_admin`,`role_ids`,`user_salt`,`created_at`,`updated_at`,`deleted_at` FROM `account_info` WHERE (`id`='16') AND `deleted_at` IS NULL LIMIT 1
2023-01-07 21:37:13.497 [DEBU] {10df30bb570a3817cb1399441d51c341} [ 10 ms] [default] [gf_db_demo] [rows:9  ] SHOW FULL COLUMNS FROM `account_info`
2023-01-07 21:37:13.506 [DEBU] {d0c3d6bb570a3817cc1399448504a36a} [  9 ms] [default] [gf_db_demo] [rows:1  ] SELECT `id`,`account`,`password`,`is_super_admin`,`role_ids`,`user_salt`,`created_at`,`updated_at`,`deleted_at` FROM `account_info` WHERE (`account`='test') AND `deleted_at` IS NULL LIMIT 1
2023-01-07 21:37:15.910 [DEBU] {70c5134b580a3817cd139944ad1dcef5} [  9 ms] [default] [gf_db_demo] [rows:1  ] SELECT `id`,`account`,`password`,`is_super_admin`,`role_ids`,`user_salt`,`created_at`,`updated_at`,`deleted_at` FROM `account_info` WHERE (`id`='16') AND `deleted_at` IS NULL LIMIT 1
2023-01-07 21:37:37.730 [DEBU] {18d1965f5d0a3817cf1399449a630b36} [ 10 ms] [default] [gf_db_demo] [rows:1  ] SELECT `id`,`account`,`password`,`is_super_admin`,`role_ids`,`user_salt`,`created_at`,`updated_at`,`deleted_at` FROM `account_info` WHERE (`account`='test') AND `deleted_at` IS NULL LIMIT 1
2023-01-07 21:37:37.739 [DEBU] {98963c605d0a3817d013994484735e0b} [  9 ms] [default] [gf_db_demo] [rows:1  ] SELECT `id`,`account`,`password`,`is_super_admin`,`role_ids`,`user_salt`,`created_at`,`updated_at`,`deleted_at` FROM `account_info` WHERE (`id`='16') AND `deleted_at` IS NULL LIMIT 1
2023-01-07 21:37:47.714 [DEBU] {d8d289b25f0a38177d6dc75ed727dd68} [ 13 ms] [default] [gf_db_demo] [rows:9  ] SHOW FULL COLUMNS FROM `account_info`
2023-01-07 21:37:47.727 [DEBU] {d8a461b35f0a38177e6dc75e2312b51f} [ 12 ms] [default] [gf_db_demo] [rows:1  ] SELECT `id`,`account`,`password`,`is_super_admin`,`role_ids`,`user_salt`,`created_at`,`updated_at`,`deleted_at` FROM `account_info` WHERE (`account`='test') AND `deleted_at` IS NULL LIMIT 1
2023-01-07 21:37:47.740 [DEBU] {50e124b45f0a38177f6dc75ecf7ba492} [ 12 ms] [default] [gf_db_demo] [rows:1  ] SELECT `id`,`account`,`password`,`is_super_admin`,`role_ids`,`user_salt`,`created_at`,`updated_at`,`deleted_at` FROM `account_info` WHERE (`id`='16') AND `deleted_at` IS NULL LIMIT 1
2023-01-07 21:52:50.395 [DEBU] {d8425ddd310b3817e3c1c013d51e9a2e} [ 32 ms] [default] [gf_db_demo] [rows:9  ] SHOW FULL COLUMNS FROM `account_info`
2023-01-07 21:52:50.424 [DEBU] {a8145adf310b3817e4c1c0138c79e10d} [ 28 ms] [default] [gf_db_demo] [rows:1  ] SELECT `id`,`account`,`password`,`is_super_admin`,`role_ids`,`user_salt`,`created_at`,`updated_at`,`deleted_at` FROM `account_info` WHERE (`account`='test') AND `deleted_at` IS NULL LIMIT 1
2023-01-07 21:52:50.444 [DEBU] {60581be1310b3817e5c1c0132cf84bb0} [ 18 ms] [default] [gf_db_demo] [rows:1  ] SELECT `id`,`account`,`password`,`is_super_admin`,`role_ids`,`user_salt`,`created_at`,`updated_at`,`deleted_at` FROM `account_info` WHERE (`id`='16') AND `deleted_at` IS NULL LIMIT 1
