2023-01-10 16:24:11.407 [DEBU] {30cafb6000e53817f9b3383d07c59e04} [ 37 ms] [default] [gf_db_demo] [rows:6  ] SHOW FULL COLUMNS FROM `role_info`
2023-01-10 16:24:11.440 [DEBU] {30cafb6000e53817f9b3383d07c59e04} [ 32 ms] [default] [gf_db_demo] [rows:1  ] UPDATE `role_info` SET `updated_at`='2023-01-10 16:24:11',`role_name`='超级管理员',`role_desc`='拥有一切权限' WHERE (`id`=1) AND `deleted_at` IS NULL
2023-01-10 16:25:17.821 [DEBU] {48e0c3d80fe53817fab3383d59218302} [ 20 ms] [default] [gf_db_demo] [rows:1  ] INSERT INTO `role_info`(`role_desc`,`created_at`,`role_name`,`updated_at`) VALUES('经销商角色','2023-01-10 16:25:17','经销商','2023-01-10 16:25:17') 
2023-01-10 16:25:36.479 [DEBU] {c8da463114e53817fbb3383d4407b07f} [ 19 ms] [default] [gf_db_demo] [rows:1  ] INSERT INTO `role_info`(`created_at`,`role_name`,`updated_at`,`role_desc`) VALUES('2023-01-10 16:25:36','客服','2023-01-10 16:25:36','客服角色') 
2023-01-10 16:25:59.910 [DEBU] {383ba2a519e53817fcb3383d3f5288ee} [ 17 ms] [default] [gf_db_demo] [rows:1  ] INSERT INTO `role_info`(`role_name`,`updated_at`,`role_desc`,`created_at`) VALUES('普通用户','2023-01-10 16:25:59','普通用户角色','2023-01-10 16:25:59') 
2023-01-10 18:32:09.288 [DEBU] {90638305fceb3817cc28cf16b410e4a1} [ 42 ms] [default] [gf_db_demo] [rows:5  ] SHOW FULL COLUMNS FROM `permission_info`
2023-01-10 18:32:09.326 [DEBU] {90638305fceb3817cc28cf16b410e4a1} [ 37 ms] [default] [gf_db_demo] [rows:1  ] INSERT INTO `permission_info`(`name`,`path`,`created_at`,`updated_at`) VALUES('数据大屏','/data','2023-01-10 18:32:09','2023-01-10 18:32:09') 
2023-01-10 18:32:56.180 [DEBU] {281239ef06ec3817cd28cf1614cec049} [ 61 ms] [default] [gf_db_demo] [rows:1  ] INSERT INTO `permission_info`(`path`,`created_at`,`updated_at`,`name`) VALUES('/role/manage','2023-01-10 18:32:56','2023-01-10 18:32:56','角色管理') 
2023-01-10 21:45:03.995 [DEBU] {487055f182f638172882c378e8a9cae7} [172 ms] [default] [gf_db_demo] [rows:9  ] SHOW FULL COLUMNS FROM `account_info`
2023-01-10 21:45:04.039 [DEBU] {182aa3fb82f638172982c37814759751} [ 43 ms] [default] [gf_db_demo] [rows:1  ] SELECT `id`,`account`,`password`,`is_super_admin`,`role_ids`,`user_salt`,`created_at`,`updated_at`,`deleted_at` FROM `account_info` WHERE (`account`='test') AND `deleted_at` IS NULL LIMIT 1
2023-01-10 21:45:04.073 [DEBU] {207c8bff82f638172a82c37862092977} [ 12 ms] [default] [gf_db_demo] [rows:1  ] SELECT `id`,`account`,`password`,`is_super_admin`,`role_ids`,`user_salt`,`created_at`,`updated_at`,`deleted_at` FROM `account_info` WHERE (`id`='16') AND `deleted_at` IS NULL LIMIT 1
2023-01-10 21:53:41.900 [DEBU] {a0e18290fbf638173482c3788b8b6a9a} [ 11 ms] [default] [gf_db_demo] [rows:1  ] SELECT `id`,`account`,`password`,`is_super_admin`,`role_ids`,`user_salt`,`created_at`,`updated_at`,`deleted_at` FROM `account_info` WHERE (`account`='test') AND `deleted_at` IS NULL LIMIT 1
2023-01-10 21:53:41.920 [DEBU] {70c7d591fbf638173582c378ca55f3ba} [  8 ms] [default] [gf_db_demo] [rows:1  ] SELECT `id`,`account`,`password`,`is_super_admin`,`role_ids`,`user_salt`,`created_at`,`updated_at`,`deleted_at` FROM `account_info` WHERE (`id`='16') AND `deleted_at` IS NULL LIMIT 1
2023-01-10 21:53:52.737 [DEBU] {e8d15816fef638173782c378bf1c68a8} [ 12 ms] [default] [gf_db_demo] [rows:1  ] SELECT `id`,`account`,`password`,`is_super_admin`,`role_ids`,`user_salt`,`created_at`,`updated_at`,`deleted_at` FROM `account_info` WHERE (`account`='test') AND `deleted_at` IS NULL LIMIT 1
2023-01-10 21:53:52.748 [DEBU] {c8e34217fef638173882c378cb4232c5} [  8 ms] [default] [gf_db_demo] [rows:1  ] SELECT `id`,`account`,`password`,`is_super_admin`,`role_ids`,`user_salt`,`created_at`,`updated_at`,`deleted_at` FROM `account_info` WHERE (`id`='16') AND `deleted_at` IS NULL LIMIT 1
2023-01-10 21:57:36.077 [DEBU] {b8d5321632f73817e56ee276a9207388} [ 16 ms] [default] [gf_db_demo] [rows:9  ] SHOW FULL COLUMNS FROM `account_info`
2023-01-10 21:57:36.088 [DEBU] {28ab371732f73817e66ee27669d307df} [ 10 ms] [default] [gf_db_demo] [rows:1  ] SELECT `id`,`account`,`password`,`is_super_admin`,`role_ids`,`user_salt`,`created_at`,`updated_at`,`deleted_at` FROM `account_info` WHERE (`account`='test') AND `deleted_at` IS NULL LIMIT 1
2023-01-10 21:57:36.107 [DEBU] {b8a9571832f73817e76ee2769d2f0a56} [ 11 ms] [default] [gf_db_demo] [rows:1  ] SELECT `id`,`account`,`password`,`is_super_admin`,`role_ids`,`user_salt`,`created_at`,`updated_at`,`deleted_at` FROM `account_info` WHERE (`id`='16') AND `deleted_at` IS NULL LIMIT 1
2023-01-10 21:57:59.967 [DEBU] {40cb88a637f73817e96ee276c244ce6f} [ 10 ms] [default] [gf_db_demo] [rows:1  ] SELECT `id`,`account`,`password`,`is_super_admin`,`role_ids`,`user_salt`,`created_at`,`updated_at`,`deleted_at` FROM `account_info` WHERE (`account`='test') AND `deleted_at` IS NULL LIMIT 1
2023-01-10 21:57:59.980 [DEBU] {90b453a737f73817ea6ee276c9630e94} [ 10 ms] [default] [gf_db_demo] [rows:1  ] SELECT `id`,`account`,`password`,`is_super_admin`,`role_ids`,`user_salt`,`created_at`,`updated_at`,`deleted_at` FROM `account_info` WHERE (`id`='16') AND `deleted_at` IS NULL LIMIT 1
2023-01-10 22:01:47.883 [DEBU] {38d96eb76cf73817ec6ee2769e4349a4} [  9 ms] [default] [gf_db_demo] [rows:1  ] SELECT `id`,`account`,`password`,`is_super_admin`,`role_ids`,`user_salt`,`created_at`,`updated_at`,`deleted_at` FROM `account_info` WHERE (`account`='test') AND `deleted_at` IS NULL LIMIT 1
2023-01-10 22:01:47.898 [DEBU] {68854bb86cf73817ed6ee276dbefc314} [ 10 ms] [default] [gf_db_demo] [rows:1  ] SELECT `id`,`account`,`password`,`is_super_admin`,`role_ids`,`user_salt`,`created_at`,`updated_at`,`deleted_at` FROM `account_info` WHERE (`id`='16') AND `deleted_at` IS NULL LIMIT 1
